2021-12-06 12:25:51,952 [Worker-4: Loading available Gradle versions] INFO  o.e.b.c.i.u.g.PublishedGradleVersions - Gradle version information cache is up-to-date. Trying to read.
2021-12-06 12:38:05,722 [Start Help Server] INFO  org.eclipse.jetty.server.Server - jetty-10.0.6; built: 2021-06-29T15:28:56.259Z; git: 37e7731b4b142a882d73974ff3bec78d621bd674; jvm 11.0.11+9-Ubuntu-0ubuntu2.20.04
2021-12-06 12:38:05,794 [Start Help Server] INFO  o.e.j.s.s.DefaultSessionIdManager - Session workerName=node0
2021-12-06 12:38:05,840 [Start Help Server] INFO  o.e.j.server.handler.ContextHandler - Started o.e.j.s.ServletContextHandler@3751aaa7{/help,null,AVAILABLE}
2021-12-06 12:38:05,860 [Start Help Server] INFO  o.e.jetty.server.AbstractConnector - Started ServerConnector@4d3d9524{HTTP/1.1, (http/1.1)}{127.0.0.1:43319}
2021-12-06 12:38:05,881 [Start Help Server] INFO  org.eclipse.jetty.server.Server - Started Server@700753e3{STARTING}[10.0.6,sto=0] @744274ms
2021-12-06 12:47:26,172 [Stop Help Server] INFO  org.eclipse.jetty.server.Server - Stopped Server@700753e3{STOPPING}[10.0.6,sto=0]
2021-12-06 12:47:26,177 [Stop Help Server] INFO  o.e.jetty.server.AbstractConnector - Stopped ServerConnector@4d3d9524{HTTP/1.1, (http/1.1)}{127.0.0.1:0}
2021-12-06 12:47:26,197 [Stop Help Server] INFO  o.e.j.server.handler.ContextHandler - Stopped o.e.j.s.ServletContextHandler@3751aaa7{/help,null,STOPPED}
2021-12-06 12:47:40,211 [Worker-1: Loading available Gradle versions] INFO  o.e.b.c.i.u.g.PublishedGradleVersions - Gradle version information cache is up-to-date. Trying to read.
2021-12-06 13:57:45,918 [Start Help Server] INFO  org.eclipse.jetty.server.Server - jetty-10.0.6; built: 2021-06-29T15:28:56.259Z; git: 37e7731b4b142a882d73974ff3bec78d621bd674; jvm 11.0.11+9-Ubuntu-0ubuntu2.20.04
2021-12-06 13:57:45,976 [Start Help Server] INFO  o.e.j.s.s.DefaultSessionIdManager - Session workerName=node0
2021-12-06 13:57:46,013 [Start Help Server] INFO  o.e.j.server.handler.ContextHandler - Started o.e.j.s.ServletContextHandler@49f99550{/help,null,AVAILABLE}
2021-12-06 13:57:46,026 [Start Help Server] INFO  o.e.jetty.server.AbstractConnector - Started ServerConnector@53cb777e{HTTP/1.1, (http/1.1)}{127.0.0.1:45241}
2021-12-06 13:57:46,047 [Start Help Server] INFO  org.eclipse.jetty.server.Server - Started Server@d9b9783{STARTING}[10.0.6,sto=0] @4218832ms
2021-12-06 18:03:40,999 [Stop Help Server] INFO  org.eclipse.jetty.server.Server - Stopped Server@d9b9783{STOPPING}[10.0.6,sto=0]
2021-12-06 18:03:41,008 [Stop Help Server] INFO  o.e.jetty.server.AbstractConnector - Stopped ServerConnector@53cb777e{HTTP/1.1, (http/1.1)}{127.0.0.1:0}
2021-12-06 18:03:41,029 [Stop Help Server] INFO  o.e.j.server.handler.ContextHandler - Stopped o.e.j.s.ServletContextHandler@49f99550{/help,null,STOPPED}
2021-12-07 10:38:07,887 [Worker-6: Loading available Gradle versions] INFO  o.e.b.c.i.u.g.PublishedGradleVersions - Gradle version information cache is up-to-date. Trying to read.
2021-12-07 15:50:10,683 [Worker-3: Loading available Gradle versions] INFO  o.e.b.c.i.u.g.PublishedGradleVersions - Gradle version information cache is out-of-date. Trying to update.
2021-12-07 15:50:16,300 [Worker-3: Loading available Gradle versions] INFO  o.e.b.c.i.u.g.PublishedGradleVersions - Updating Gradle version information cache failed. Using outdated cache.
2021-12-08 10:52:52,670 [Worker-14: Loading available Gradle versions] INFO  o.e.b.c.i.u.g.PublishedGradleVersions - Gradle version information cache is out-of-date. Trying to update.
